2025-04-18 19:57:00.985 [info] Reading sessions from keychain...
2025-04-18 19:57:00.986 [info] Getting sessions for all scopes...
2025-04-18 19:57:00.986 [info] Getting sessions for all scopes...
2025-04-18 19:57:00.986 [info] Getting sessions for all scopes...
2025-04-18 19:57:00.986 [info] Getting sessions for all scopes...
2025-04-18 19:57:01.012 [info] Getting sessions for all scopes...
2025-04-18 19:57:01.012 [info] Getting sessions for all scopes...
2025-04-18 19:57:01.013 [info] Getting sessions for all scopes...
2025-04-18 19:57:01.013 [info] Getting sessions for all scopes...
2025-04-18 19:57:01.014 [info] Getting sessions for all scopes...
2025-04-18 19:57:01.028 [info] Got 0 sessions for ...
2025-04-18 19:57:01.028 [info] Got 0 sessions for ...
2025-04-18 19:57:01.028 [info] Got 0 sessions for ...
2025-04-18 19:57:01.028 [info] Got 0 sessions for ...
2025-04-18 19:57:01.028 [info] Got 0 sessions for ...
2025-04-18 19:57:01.028 [info] Got 0 sessions for ...
2025-04-18 19:57:01.028 [info] Got 0 sessions for ...
2025-04-18 19:57:01.028 [info] Got 0 sessions for ...
2025-04-18 19:57:01.028 [info] Got 0 sessions for ...
2025-04-18 19:57:01.038 [info] Getting sessions for all scopes...
2025-04-18 19:57:01.038 [info] Got 0 sessions for ...
2025-04-18 19:57:06.553 [info] Getting sessions for all scopes...
2025-04-18 19:57:06.553 [info] Got 0 sessions for ...
2025-04-18 19:57:06.554 [info] Getting sessions for all scopes...
2025-04-18 19:57:06.554 [info] Got 0 sessions for ...
2025-04-18 19:57:06.564 [info] Getting sessions for read:user,repo,user:email,workflow...
2025-04-18 19:57:06.565 [info] Got 0 sessions for read:user,repo,user:email,workflow...
2025-04-18 19:57:06.568 [info] Getting sessions for user:email...
2025-04-18 19:57:06.568 [info] Got 0 sessions for user:email...
2025-04-18 19:57:06.569 [info] Getting sessions for read:user,repo,user:email,workflow...
2025-04-18 19:57:06.569 [info] Got 0 sessions for read:user,repo,user:email,workflow...
2025-04-18 19:57:06.573 [info] Getting sessions for read:user...
2025-04-18 19:57:06.573 [info] Got 0 sessions for read:user...
2025-04-18 19:57:06.576 [info] Getting sessions for all scopes...
2025-04-18 19:57:06.576 [info] Got 0 sessions for ...
2025-04-18 19:57:06.634 [info] Getting sessions for user:email...
2025-04-18 19:57:06.634 [info] Got 0 sessions for user:email...
2025-04-18 19:57:06.805 [info] Getting sessions for user:email...
2025-04-18 19:57:06.805 [info] Got 0 sessions for user:email...
2025-04-18 19:57:06.833 [info] Getting sessions for all scopes...
2025-04-18 19:57:06.833 [info] Got 0 sessions for ...
2025-04-18 19:57:06.837 [info] Getting sessions for user:email...
2025-04-18 19:57:06.837 [info] Got 0 sessions for user:email...
2025-04-18 19:57:07.629 [info] Getting sessions for all scopes...
2025-04-18 19:57:07.629 [info] Got 0 sessions for ...
2025-04-18 19:57:07.647 [info] Getting sessions for user:email...
2025-04-18 19:57:07.647 [info] Got 0 sessions for user:email...
2025-04-18 19:57:07.683 [info] Getting sessions for all scopes...
2025-04-18 19:57:07.683 [info] Got 0 sessions for ...
2025-04-18 19:57:07.689 [info] Getting sessions for user:email...
2025-04-18 19:57:07.689 [info] Got 0 sessions for user:email...
