2025-04-18 19:57:41.224 [info] Reading sessions from keychain...
2025-04-18 19:57:41.225 [info] Getting sessions for all scopes...
2025-04-18 19:57:41.225 [info] Getting sessions for all scopes...
2025-04-18 19:57:41.225 [info] Getting sessions for all scopes...
2025-04-18 19:57:41.225 [info] Getting sessions for all scopes...
2025-04-18 19:57:41.225 [info] Getting sessions for all scopes...
2025-04-18 19:57:41.225 [info] Getting sessions for all scopes...
2025-04-18 19:57:41.225 [info] Getting sessions for all scopes...
2025-04-18 19:57:41.225 [info] Getting sessions for all scopes...
2025-04-18 19:57:41.225 [info] Getting sessions for all scopes...
2025-04-18 19:57:41.255 [info] Got 0 sessions for ...
2025-04-18 19:57:41.255 [info] Got 0 sessions for ...
2025-04-18 19:57:41.255 [info] Got 0 sessions for ...
2025-04-18 19:57:41.255 [info] Got 0 sessions for ...
2025-04-18 19:57:41.255 [info] Got 0 sessions for ...
2025-04-18 19:57:41.255 [info] Got 0 sessions for ...
2025-04-18 19:57:41.255 [info] Got 0 sessions for ...
2025-04-18 19:57:41.255 [info] Got 0 sessions for ...
2025-04-18 19:57:41.255 [info] Got 0 sessions for ...
2025-04-18 19:57:41.608 [info] Getting sessions for all scopes...
2025-04-18 19:57:41.608 [info] Got 0 sessions for ...
2025-04-18 19:57:44.715 [info] Getting sessions for all scopes...
2025-04-18 19:57:44.715 [info] Got 0 sessions for ...
2025-04-18 19:57:44.716 [info] Getting sessions for all scopes...
2025-04-18 19:57:44.716 [info] Got 0 sessions for ...
2025-04-18 19:57:44.720 [info] Getting sessions for read:user,repo,user:email,workflow...
2025-04-18 19:57:44.720 [info] Got 0 sessions for read:user,repo,user:email,workflow...
2025-04-18 19:57:44.722 [info] Getting sessions for user:email...
2025-04-18 19:57:44.723 [info] Got 0 sessions for user:email...
2025-04-18 19:57:44.723 [info] Getting sessions for read:user,repo,user:email,workflow...
2025-04-18 19:57:44.723 [info] Got 0 sessions for read:user,repo,user:email,workflow...
2025-04-18 19:57:44.724 [info] Getting sessions for read:user...
2025-04-18 19:57:44.725 [info] Got 0 sessions for read:user...
2025-04-18 19:57:44.726 [info] Getting sessions for all scopes...
2025-04-18 19:57:44.727 [info] Got 0 sessions for ...
2025-04-18 19:57:44.735 [info] Getting sessions for user:email...
2025-04-18 19:57:44.735 [info] Got 0 sessions for user:email...
2025-04-18 19:57:44.972 [info] Getting sessions for user:email...
2025-04-18 19:57:44.973 [info] Got 0 sessions for user:email...
2025-04-18 19:57:45.038 [info] Getting sessions for all scopes...
2025-04-18 19:57:45.039 [info] Got 0 sessions for ...
2025-04-18 19:57:45.046 [info] Getting sessions for user:email...
2025-04-18 19:57:45.046 [info] Got 0 sessions for user:email...
2025-04-18 19:57:45.964 [info] Getting sessions for all scopes...
2025-04-18 19:57:45.964 [info] Got 0 sessions for ...
2025-04-18 19:57:46.026 [info] Getting sessions for user:email...
2025-04-18 19:57:46.026 [info] Got 0 sessions for user:email...
2025-04-18 19:57:46.033 [info] Getting sessions for all scopes...
2025-04-18 19:57:46.033 [info] Got 0 sessions for ...
2025-04-18 19:57:46.039 [info] Getting sessions for user:email...
2025-04-18 19:57:46.039 [info] Got 0 sessions for user:email...
